<?xml version="1.0" encoding="UTF-8"?>
<!-- Generated by org.testng.reporters.JUnitReportReporter -->
<testsuite hostname="LAPTOP-FP41D9PS" failures="0" tests="1" name="projectinfo.Projects_TestNG" time="35.137" errors="0" timestamp="03 Jun 2023 19:38:47 GMT" skipped="0">
  <testcase classname="projectinfo.Projects_TestNG" name="ValidationApp" time="35.137"/>
</testsuite> <!-- projectinfo.Projects_TestNG -->
