<?xml version="1.0" encoding="UTF-8"?>
<!-- Generated by org.testng.reporters.JUnitReportReporter -->
<testsuite hostname="LAPTOP-FP41D9PS" failures="0" tests="1" name="timesheet.Employee_Time_Sheet_TestNg" time="64.144" errors="0" timestamp="03 Jun 2023 19:38:47 GMT" skipped="0">
  <testcase classname="timesheet.Employee_Time_Sheet_TestNg" name="ValidationApp" time="64.144"/>
</testsuite> <!-- timesheet.Employee_Time_Sheet_TestNg -->
