<?xml version="1.0" encoding="UTF-8"?>
<!-- Generated by org.testng.reporters.JUnitReportReporter -->
<testsuite hostname="LAPTOP-FP41D9PS" failures="0" tests="1" name="attendance.Configuration" time="34.133" errors="0" timestamp="19 Jun 2023 06:19:24 GMT" skipped="0">
  <testcase classname="attendance.Configuration" name="validationApp" time="34.133"/>
</testsuite> <!-- attendance.Configuration -->
