<?xml version="1.0" encoding="UTF-8"?>
<!-- Generated by org.testng.reporters.JUnitReportReporter -->
<testsuite hostname="LAPTOP-FP41D9PS" failures="0" tests="1" name="projectinfo.Coustmers" time="35.258" errors="0" timestamp="19 Jun 2023 10:46:41 GMT" skipped="0">
  <testcase classname="projectinfo.Coustmers" name="ValidationApp" time="35.258"/>
</testsuite> <!-- projectinfo.Coustmers -->
