<?xml version="1.0" encoding="UTF-8"?>
<!-- Generated by org.testng.reporters.JUnitReportReporter -->
<testsuite hostname="LAPTOP-FP41D9PS" failures="0" tests="1" name="attendance.Punch_In_Out_TestNG" time="38.241" errors="0" timestamp="03 Jun 2023 19:38:47 GMT" skipped="0">
  <testcase classname="attendance.Punch_In_Out_TestNG" name="ValidationApp" time="38.241"/>
</testsuite> <!-- attendance.Punch_In_Out_TestNG -->
