<?xml version="1.0" encoding="UTF-8"?>
<!-- Generated by org.testng.reporters.JUnitReportReporter -->
<testsuite hostname="LAPTOP-FP41D9PS" failures="0" tests="1" name="reports.Employee_Reports" time="48.380" errors="0" timestamp="19 Jun 2023 12:51:48 GMT" skipped="0">
  <testcase classname="reports.Employee_Reports" name="validationApp" time="48.380"/>
</testsuite> <!-- reports.Employee_Reports -->
