<?xml version="1.0" encoding="UTF-8"?>
<!-- Generated by org.testng.reporters.JUnitReportReporter -->
<testsuite hostname="LAPTOP-FP41D9PS" failures="0" tests="1" name="attendance.Configuration_TestNg" time="35.746" errors="0" timestamp="04 Jun 2023 00:37:28 GMT" skipped="0">
  <testcase classname="attendance.Configuration_TestNg" name="ValidationApp" time="35.746"/>
</testsuite> <!-- attendance.Configuration_TestNg -->
