<?xml version="1.0" encoding="UTF-8"?>
<!-- Generated by org.testng.reporters.JUnitReportReporter -->
<testsuite hostname="LAPTOP-FP41D9PS" failures="0" tests="1" name="attendance.Punch_In_Out_TestNG" time="41.896" errors="0" timestamp="04 Jun 2023 00:37:28 GMT" skipped="0">
  <testcase classname="attendance.Punch_In_Out_TestNG" name="ValidationApp" time="41.896"/>
</testsuite> <!-- attendance.Punch_In_Out_TestNG -->
