<?xml version="1.0" encoding="UTF-8"?>
<!-- Generated by org.testng.reporters.JUnitReportReporter -->
<testsuite hostname="LAPTOP-FP41D9PS" failures="0" tests="1" name="timesheet.My_Time_Sheet_TestNG" time="37.141" errors="0" timestamp="03 Jun 2023 19:38:47 GMT" skipped="0">
  <testcase classname="timesheet.My_Time_Sheet_TestNG" name="ValidationApp" time="37.141"/>
</testsuite> <!-- timesheet.My_Time_Sheet_TestNG -->
