<?xml version="1.0" encoding="UTF-8"?>
<!-- Generated by org.testng.reporters.JUnitReportReporter -->
<testsuite hostname="LAPTOP-FP41D9PS" failures="0" tests="1" name="timesheet.My_Time_Sheet_TestNG" time="45.798" errors="0" timestamp="02 Jun 2023 11:28:35 GMT" skipped="0">
  <testcase classname="timesheet.My_Time_Sheet_TestNG" name="ValidationApp" time="45.798"/>
</testsuite> <!-- timesheet.My_Time_Sheet_TestNG -->
