<?xml version="1.0" encoding="UTF-8"?>
<!-- Generated by org.testng.reporters.JUnitReportReporter -->
<testsuite hostname="LAPTOP-FP41D9PS" failures="0" tests="1" name="reports.Employee_Reports_TestNG" time="45.533" errors="0" timestamp="04 Jun 2023 00:37:28 GMT" skipped="0">
  <testcase classname="reports.Employee_Reports_TestNG" name="ValidationApp" time="45.533"/>
</testsuite> <!-- reports.Employee_Reports_TestNG -->
