<?xml version="1.0" encoding="UTF-8"?>
<!-- Generated by org.testng.reporters.JUnitReportReporter -->
<testsuite hostname="LAPTOP-FP41D9PS" failures="0" tests="1" name="timesheet.My_Time_Sheet" time="39.520" errors="0" timestamp="20 Jun 2023 07:32:18 GMT" skipped="0">
  <testcase classname="timesheet.My_Time_Sheet" name="ValidationApp" time="39.520"/>
</testsuite> <!-- timesheet.My_Time_Sheet -->
