<?xml version="1.0" encoding="UTF-8"?>
<!-- Generated by org.testng.reporters.JUnitReportReporter -->
<testsuite hostname="LAPTOP-FP41D9PS" failures="0" tests="1" name="reports.Project_Reports_Testng" time="52.953" errors="0" timestamp="04 Jun 2023 00:37:28 GMT" skipped="0">
  <testcase classname="reports.Project_Reports_Testng" name="ValidationApp" time="52.953"/>
</testsuite> <!-- reports.Project_Reports_Testng -->
