<?xml version="1.0" encoding="UTF-8"?>
<!-- Generated by org.testng.reporters.JUnitReportReporter -->
<testsuite hostname="LAPTOP-FP41D9PS" failures="0" tests="1" name="reports.Attendance_Summary_TestNG" time="38.164" errors="0" timestamp="03 Jun 2023 19:38:47 GMT" skipped="0">
  <testcase classname="reports.Attendance_Summary_TestNG" name="ValidationApp" time="38.164"/>
</testsuite> <!-- reports.Attendance_Summary_TestNG -->
