<?xml version="1.0" encoding="UTF-8"?>
<!-- Generated by org.testng.reporters.JUnitReportReporter -->
<testsuite hostname="LAPTOP-FP41D9PS" failures="0" tests="1" name="attendance.Punch_In_Out" time="43.271" errors="0" timestamp="19 Jun 2023 10:20:57 GMT" skipped="0">
  <testcase classname="attendance.Punch_In_Out" name="ValidationApp" time="43.271"/>
</testsuite> <!-- attendance.Punch_In_Out -->
