<?xml version="1.0" encoding="UTF-8"?>
<!-- Generated by org.testng.reporters.JUnitReportReporter -->
<testsuite hostname="LAPTOP-FP41D9PS" failures="0" tests="1" name="attendance.My_Records_TestNG" time="29.424" errors="0" timestamp="04 Jun 2023 00:37:28 GMT" skipped="0">
  <testcase classname="attendance.My_Records_TestNG" name="ValidationApp" time="29.424"/>
</testsuite> <!-- attendance.My_Records_TestNG -->
