<?xml version="1.0" encoding="UTF-8"?>
<!-- Generated by org.testng.reporters.JUnitReportReporter -->
<testsuite hostname="LAPTOP-FP41D9PS" failures="0" tests="1" name="timesheet.Employee_Time_Sheet" time="69.136" errors="0" timestamp="20 Jun 2023 08:24:26 GMT" skipped="0">
  <testcase classname="timesheet.Employee_Time_Sheet" name="validationApp" time="69.136"/>
</testsuite> <!-- timesheet.Employee_Time_Sheet -->
