<?xml version="1.0" encoding="UTF-8"?>
<!-- Generated by org.testng.reporters.JUnitReportReporter -->
<testsuite hostname="LAPTOP-FP41D9PS" failures="0" tests="1" name="attendance.My_Records_TestNG" time="32.146" errors="0" timestamp="19 Jun 2023 09:57:17 GMT" skipped="0">
  <testcase classname="attendance.My_Records_TestNG" name="validationApp" time="32.146"/>
</testsuite> <!-- attendance.My_Records_TestNG -->
