<?xml version="1.0" encoding="UTF-8"?>
<!-- Generated by org.testng.reporters.JUnitReportReporter -->
<testsuite hostname="LAPTOP-FP41D9PS" failures="0" tests="1" name="reports.Project_Reports" time="50.709" errors="0" timestamp="19 Jun 2023 12:04:29 GMT" skipped="0">
  <testcase classname="reports.Project_Reports" name="validationApp" time="50.709"/>
</testsuite> <!-- reports.Project_Reports -->
