<?xml version="1.0" encoding="UTF-8"?>
<!-- Generated by org.testng.reporters.JUnitReportReporter -->
<testsuite hostname="LAPTOP-FP41D9PS" failures="0" tests="1" name="projectinfo.Projects" time="36.924" errors="0" timestamp="19 Jun 2023 11:22:46 GMT" skipped="0">
  <testcase classname="projectinfo.Projects" name="validationApp" time="36.924"/>
</testsuite> <!-- projectinfo.Projects -->
