<?xml version="1.0" encoding="UTF-8"?>
<!-- Generated by org.testng.reporters.JUnitReportReporter -->
<testsuite hostname="LAPTOP-FP41D9PS" failures="0" tests="1" name="attendance.Configuration_TestNg" time="34.619" errors="0" timestamp="03 Jun 2023 19:38:47 GMT" skipped="0">
  <testcase classname="attendance.Configuration_TestNg" name="ValidationApp" time="34.619"/>
</testsuite> <!-- attendance.Configuration_TestNg -->
