<?xml version="1.0" encoding="UTF-8"?>
<!-- Generated by org.testng.reporters.JUnitReportReporter -->
<testsuite hostname="LAPTOP-FP41D9PS" failures="0" tests="1" name="timesheet.Employee_Time_Sheet_TestNg" time="65.677" errors="0" timestamp="04 Jun 2023 00:37:28 GMT" skipped="0">
  <testcase classname="timesheet.Employee_Time_Sheet_TestNg" name="ValidationApp" time="65.677"/>
</testsuite> <!-- timesheet.Employee_Time_Sheet_TestNg -->
