<?xml version="1.0" encoding="UTF-8"?>
<!-- Generated by org.testng.reporters.JUnitReportReporter -->
<testsuite hostname="LAPTOP-FP41D9PS" failures="0" tests="1" name="attendance.My_Records_TestNG" time="28.332" errors="0" timestamp="03 Jun 2023 19:38:47 GMT" skipped="0">
  <testcase classname="attendance.My_Records_TestNG" name="ValidationApp" time="28.332"/>
</testsuite> <!-- attendance.My_Records_TestNG -->
