<?xml version="1.0" encoding="UTF-8"?>
<!-- Generated by org.testng.reporters.JUnitReportReporter -->
<testsuite hostname="LAPTOP-FP41D9PS" failures="0" tests="1" name="attendance.Employee_Record" time="45.076" errors="0" timestamp="19 Jun 2023 09:27:23 GMT" skipped="0">
  <testcase classname="attendance.Employee_Record" name="ValidationApp" time="45.076"/>
</testsuite> <!-- attendance.Employee_Record -->
