<?xml version="1.0" encoding="UTF-8"?>
<!-- Generated by org.testng.reporters.JUnitReportReporter -->
<testsuite hostname="LAPTOP-FP41D9PS" failures="0" tests="1" name="timesheet.My_Time_Sheet_TestNG" time="38.041" errors="0" timestamp="04 Jun 2023 00:37:28 GMT" skipped="0">
  <testcase classname="timesheet.My_Time_Sheet_TestNG" name="ValidationApp" time="38.041"/>
</testsuite> <!-- timesheet.My_Time_Sheet_TestNG -->
