<?xml version="1.0" encoding="UTF-8"?>
<!-- Generated by org.testng.reporters.JUnitReportReporter -->
<testsuite hostname="LAPTOP-FP41D9PS" failures="0" tests="1" name="projectinfo.Coustmers_TestNG" time="37.118" errors="0" timestamp="04 Jun 2023 00:37:28 GMT" skipped="0">
  <testcase classname="projectinfo.Coustmers_TestNG" name="ValidationApp" time="37.118"/>
</testsuite> <!-- projectinfo.Coustmers_TestNG -->
