<?xml version="1.0" encoding="UTF-8"?>
<!-- Generated by org.testng.reporters.JUnitReportReporter -->
<testsuite hostname="LAPTOP-FP41D9PS" failures="0" tests="1" name="reports.Attendance_Summary" time="38.407" errors="0" timestamp="19 Jun 2023 13:15:32 GMT" skipped="0">
  <testcase classname="reports.Attendance_Summary" name="ValidationApp" time="38.407"/>
</testsuite> <!-- reports.Attendance_Summary -->
